SQLSTATE[42000]: Syntax error or access violation: 1064 Erreur de syntaxe près de 'usd AND 65000 usd' à la ligne 1
SQLSTATE[42000]: Syntax error or access violation: 1064 Erreur de syntaxe près de 'usd AND 65000 usd' à la ligne 1
SQLSTATE[42000]: Syntax error or access violation: 1064 Erreur de syntaxe près de 'usd AND 65000 usd' à la ligne 1
SQLSTATE[42000]: Syntax error or access violation: 1064 Erreur de syntaxe près de 'usd AND 65000 usd' à la ligne 1
SQLSTATE[42000]: Syntax error or access violation: 1064 Erreur de syntaxe près de 'usd AND 65000 usd' à la ligne 1
SQLSTATE[42000]: Syntax error or access violation: 1064 Erreur de syntaxe près de 'usd AND 65000 usd' à la ligne 1
SQLSTATE[42000]: Syntax error or access violation: 1064 Erreur de syntaxe près de 'usd AND 65000 usd' à la ligne 1
SQLSTATE[42000]: Syntax error or access violation: 1064 Erreur de syntaxe près de 'usd AND 65000 usd' à la ligne 1
SQLSTATE[42000]: Syntax error or access violation: 1064 Erreur de syntaxe près de 'usd AND 65000 usd' à la ligne 1
SQLSTATE[42000]: Syntax error or access violation: 1064 Erreur de syntaxe près de '' à la ligne 1
SQLSTATE[42000]: Syntax error or access violation: 1064 Erreur de syntaxe près de '' à la ligne 1
SQLSTATE[42000]: Syntax error or access violation: 1064 Erreur de syntaxe près de '' à la ligne 1
SQLSTATE[42000]: Syntax error or access violation: 1064 Erreur de syntaxe près de '' à la ligne 1
SQLSTATE[42000]: Syntax error or access violation: 1064 Erreur de syntaxe près de '' à la ligne 1
SQLSTATE[42000]: Syntax error or access violation: 1064 Erreur de syntaxe près de 'AND' à la ligne 1
SQLSTATE[42000]: Syntax error or access violation: 1064 Erreur de syntaxe près de 'AND' à la ligne 1
SQLSTATE[42000]: Syntax error or access violation: 1064 Erreur de syntaxe près de 'AND' à la ligne 1
SQLSTATE[42000]: Syntax error or access violation: 1064 Erreur de syntaxe près de 'AND' à la ligne 1
SQLSTATE[42000]: Syntax error or access violation: 1064 Erreur de syntaxe près de '==1' à la ligne 1
SQLSTATE[42000]: Syntax error or access violation: 1064 Erreur de syntaxe près de 'AND   ORDER BY 	idItem DESC' à la ligne 1
SQLSTATE[42000]: Syntax error or access violation: 1064 Erreur de syntaxe près de 'AND   ORDER BY 	idItem DESC' à la ligne 1
SQLSTATE[42000]: Syntax error or access violation: 1064 Erreur de syntaxe près de 'AND   ORDER BY 	idItem DESC' à la ligne 1
SQLSTATE[42000]: Syntax error or access violation: 1064 Erreur de syntaxe près de 'AND   ORDER BY 	idItem DESC' à la ligne 1
SQLSTATE[42000]: Syntax error or access violation: 1064 Erreur de syntaxe près de 'AND   ORDER BY 	idItem DESC' à la ligne 1
SQLSTATE[42000]: Syntax error or access violation: 1064 Erreur de syntaxe près de 'AND   ORDER BY 	idItem DESC' à la ligne 1
SQLSTATE[42000]: Syntax error or access violation: 1064 Erreur de syntaxe près de 'AND   ORDER BY 	idItem DESC' à la ligne 1
SQLSTATE[42000]: Syntax error or access violation: 1064 Erreur de syntaxe près de 'AND   ORDER BY 	idItem DESC' à la ligne 1
SQLSTATE[42000]: Syntax error or access violation: 1064 Erreur de syntaxe près de 'AND   ORDER BY 	idItem DESC' à la ligne 1
